c:\users\kiryu\onedrive\desktop\computacion\cgihm\practica07\practica07\x64\debug\vc145.pdb
c:\users\kiryu\onedrive\desktop\computacion\cgihm\practica07\practica07\x64\debug\vc145.idb
c:\users\kiryu\onedrive\desktop\computacion\cgihm\practica07\practica07\x64\debug\window.obj
c:\users\kiryu\onedrive\desktop\computacion\cgihm\practica07\practica07\x64\debug\texture.obj
c:\users\kiryu\onedrive\desktop\computacion\cgihm\practica07\practica07\x64\debug\spotlight.obj
c:\users\kiryu\onedrive\desktop\computacion\cgihm\practica07\practica07\x64\debug\sphere.obj
c:\users\kiryu\onedrive\desktop\computacion\cgihm\practica07\practica07\x64\debug\skybox.obj
c:\users\kiryu\onedrive\desktop\computacion\cgihm\practica07\practica07\x64\debug\shader_m.obj
c:\users\kiryu\onedrive\desktop\computacion\cgihm\practica07\practica07\x64\debug\shader_light.obj
c:\users\kiryu\onedrive\desktop\computacion\cgihm\practica07\practica07\x64\debug\pointlight.obj
c:\users\kiryu\onedrive\desktop\computacion\cgihm\practica07\practica07\x64\debug\model.obj
c:\users\kiryu\onedrive\desktop\computacion\cgihm\practica07\practica07\x64\debug\mesh_tn.obj
c:\users\kiryu\onedrive\desktop\computacion\cgihm\practica07\practica07\x64\debug\material.obj
c:\users\kiryu\onedrive\desktop\computacion\cgihm\practica07\practica07\x64\debug\light.obj
c:\users\kiryu\onedrive\desktop\computacion\cgihm\practica07\practica07\x64\debug\directionallight.obj
c:\users\kiryu\onedrive\desktop\computacion\cgihm\practica07\practica07\x64\debug\camera.obj
c:\users\kiryu\onedrive\desktop\computacion\cgihm\practica07\practica07\x64\debug\p09-316255314.obj
c:\users\kiryu\onedrive\desktop\computacion\cgihm\practica07\practica07\x64\debug\practica07.ilk
c:\users\kiryu\onedrive\desktop\computacion\cgihm\practica07\practica07\x64\debug\e08-316255314.obj
c:\users\kiryu\onedrive\desktop\computacion\cgihm\practica07\practica07\x64\debug\p08-316255314.obj
c:\users\kiryu\onedrive\desktop\computacion\cgihm\practica07\practica07\x64\debug\practica5.obj
c:\users\kiryu\onedrive\desktop\computacion\cgihm\practica07\practica07\x64\debug\practica6.obj
c:\users\kiryu\onedrive\desktop\computacion\cgihm\practica07\practica07\x64\debug\practica7.obj
c:\users\kiryu\onedrive\desktop\computacion\cgihm\practica07\practica07\x64\debug\practica9_1.obj
c:\users\kiryu\onedrive\desktop\computacion\cgihm\practica07\practica07\x64\debug\previo07-316255314.obj
c:\users\kiryu\onedrive\desktop\computacion\cgihm\practica07\practica07\x64\debug\practica7.obj.enc
c:\users\kiryu\onedrive\desktop\computacion\cgihm\practica07\practica07\x64\debug\practica05.ilk
c:\users\kiryu\onedrive\desktop\computacion\cgihm\practica07\practica07\x64\debug\practica06.ilk
c:\users\kiryu\onedrive\desktop\computacion\cgihm\practica07\x64\debug\practica07.pdb
c:\users\kiryu\onedrive\desktop\computacion\cgihm\practica07\x64\debug\practica07.exe
c:\users\kiryu\onedrive\desktop\computacion\cgihm\practica07\practica07\x64\debug\practica07.tlog\cl.command.1.tlog
c:\users\kiryu\onedrive\desktop\computacion\cgihm\practica07\practica07\x64\debug\practica07.tlog\cl.items.tlog
c:\users\kiryu\onedrive\desktop\computacion\cgihm\practica07\practica07\x64\debug\practica07.tlog\cl.read.1.tlog
c:\users\kiryu\onedrive\desktop\computacion\cgihm\practica07\practica07\x64\debug\practica07.tlog\cl.write.1.tlog
c:\users\kiryu\onedrive\desktop\computacion\cgihm\practica07\practica07\x64\debug\practica07.tlog\link.command.1.tlog
c:\users\kiryu\onedrive\desktop\computacion\cgihm\practica07\practica07\x64\debug\practica07.tlog\link.read.1.tlog
c:\users\kiryu\onedrive\desktop\computacion\cgihm\practica07\practica07\x64\debug\practica07.tlog\link.secondary.1.tlog
c:\users\kiryu\onedrive\desktop\computacion\cgihm\practica07\practica07\x64\debug\practica07.tlog\link.write.1.tlog
